TOPc8e46a00	START
TOPc8e46a00	attack_mode	0
TOPc8e46a00	attack_kern	0
TOPc8e46a00	benchmark	1
TOPc8e46a00	stdout_flag	0
TOPc8e46a00	bitmap_min	16
TOPc8e46a00	bitmap_max	24
TOPc8e46a00	debug_mode	0
TOPc8e46a00	force	0
TOPc8e46a00	kernel_accel	0
TOPc8e46a00	kernel_loops	0
TOPc8e46a00	nvidia_spin_damp	100
TOPc8e46a00	gpu_temp_disable	0
TOPc8e46a00	gpu_temp_abort	90
TOPc8e46a00	gpu_temp_retain	75
TOPc8e46a00	hash_mode	0
TOPc8e46a00	hex_charset	0
TOPc8e46a00	hex_salt	0
TOPc8e46a00	hex_wordlist	0
TOPc8e46a00	increment	0
TOPc8e46a00	increment_max	54
TOPc8e46a00	increment_min	1
TOPc8e46a00	keyspace	0
TOPc8e46a00	left	0
TOPc8e46a00	logfile_disable	0
TOPc8e46a00	loopback	0
TOPc8e46a00	markov_classic	0
TOPc8e46a00	markov_disable	0
TOPc8e46a00	markov_threshold	0
TOPc8e46a00	outfile_autohex	1
TOPc8e46a00	outfile_check_timer	5
TOPc8e46a00	outfile_format	3
TOPc8e46a00	potfile_disable	0
TOPc8e46a00	powertune_enable	0
TOPc8e46a00	scrypt_tmto	0
TOPc8e46a00	quiet	0
TOPc8e46a00	remove	0
TOPc8e46a00	remove_timer	60
TOPc8e46a00	restore	0
TOPc8e46a00	restore_disable	0
TOPc8e46a00	restore_timer	60
TOPc8e46a00	rp_gen	0
TOPc8e46a00	rp_gen_func_max	4
TOPc8e46a00	rp_gen_func_min	1
TOPc8e46a00	rp_gen_seed	0
TOPc8e46a00	runtime	0
TOPc8e46a00	segment_size	32
TOPc8e46a00	show	0
TOPc8e46a00	status	0
TOPc8e46a00	machine_readable	0
TOPc8e46a00	status_timer	10
TOPc8e46a00	usage	0
TOPc8e46a00	username	0
TOPc8e46a00	version	0
TOPc8e46a00	weak_hash_threshold	100
TOPc8e46a00	workload_profile	2
TOPc8e46a00	limit	0
TOPc8e46a00	skip	0
TOPc8e46a00	separator	:
TOPc8e46a00	opencl_vector_width	0
TOPc8e46a00	rule_buf_l	:
TOPc8e46a00	rule_buf_r	:
TOPc8e46a00	session	hashcat
TOPc8e46a00	veracrypt_pim	0
TOPc8e46a00	hashlist_mode	5
TOPc8e46a00	hashlist_format	0
TOPb16b7c49	START
TOPb16b7c49	attack_mode	0
TOPb16b7c49	attack_kern	0
TOPb16b7c49	benchmark	1
TOPb16b7c49	stdout_flag	0
TOPb16b7c49	bitmap_min	16
TOPb16b7c49	bitmap_max	24
TOPb16b7c49	debug_mode	0
TOPb16b7c49	force	0
TOPb16b7c49	kernel_accel	0
TOPb16b7c49	kernel_loops	0
TOPb16b7c49	nvidia_spin_damp	100
TOPb16b7c49	gpu_temp_disable	0
TOPb16b7c49	gpu_temp_abort	90
TOPb16b7c49	gpu_temp_retain	75
TOPb16b7c49	hash_mode	0
TOPb16b7c49	hex_charset	0
TOPb16b7c49	hex_salt	0
TOPb16b7c49	hex_wordlist	0
TOPb16b7c49	increment	0
TOPb16b7c49	increment_max	54
TOPb16b7c49	increment_min	1
TOPb16b7c49	keyspace	0
TOPb16b7c49	left	0
TOPb16b7c49	logfile_disable	0
TOPb16b7c49	loopback	0
TOPb16b7c49	markov_classic	0
TOPb16b7c49	markov_disable	0
TOPb16b7c49	markov_threshold	0
TOPb16b7c49	outfile_autohex	1
TOPb16b7c49	outfile_check_timer	5
TOPb16b7c49	outfile_format	3
TOPb16b7c49	potfile_disable	0
TOPb16b7c49	powertune_enable	0
TOPb16b7c49	scrypt_tmto	0
TOPb16b7c49	quiet	0
TOPb16b7c49	remove	0
TOPb16b7c49	remove_timer	60
TOPb16b7c49	restore	0
TOPb16b7c49	restore_disable	0
TOPb16b7c49	restore_timer	60
TOPb16b7c49	rp_gen	0
TOPb16b7c49	rp_gen_func_max	4
TOPb16b7c49	rp_gen_func_min	1
TOPb16b7c49	rp_gen_seed	0
TOPb16b7c49	runtime	0
TOPb16b7c49	segment_size	32
TOPb16b7c49	show	0
TOPb16b7c49	status	0
TOPb16b7c49	machine_readable	0
TOPb16b7c49	status_timer	10
TOPb16b7c49	usage	0
TOPb16b7c49	username	0
TOPb16b7c49	version	0
TOPb16b7c49	weak_hash_threshold	100
TOPb16b7c49	workload_profile	2
TOPb16b7c49	limit	0
TOPb16b7c49	skip	0
TOPb16b7c49	separator	:
TOPb16b7c49	opencl_vector_width	0
TOPb16b7c49	rule_buf_l	:
TOPb16b7c49	rule_buf_r	:
TOPb16b7c49	session	hashcat
TOPb16b7c49	veracrypt_pim	0
TOPb16b7c49	hashlist_mode	5
TOPb16b7c49	hashlist_format	0
TOP8b8416f4	START
TOP8b8416f4	attack_mode	0
TOP8b8416f4	attack_kern	0
TOP8b8416f4	benchmark	1
TOP8b8416f4	stdout_flag	0
TOP8b8416f4	bitmap_min	16
TOP8b8416f4	bitmap_max	24
TOP8b8416f4	debug_mode	0
TOP8b8416f4	force	0
TOP8b8416f4	kernel_accel	0
TOP8b8416f4	kernel_loops	0
TOP8b8416f4	nvidia_spin_damp	100
TOP8b8416f4	gpu_temp_disable	0
TOP8b8416f4	gpu_temp_abort	90
TOP8b8416f4	gpu_temp_retain	75
TOP8b8416f4	hash_mode	0
TOP8b8416f4	hex_charset	0
TOP8b8416f4	hex_salt	0
TOP8b8416f4	hex_wordlist	0
TOP8b8416f4	increment	0
TOP8b8416f4	increment_max	54
TOP8b8416f4	increment_min	1
TOP8b8416f4	keyspace	0
TOP8b8416f4	left	0
TOP8b8416f4	logfile_disable	0
TOP8b8416f4	loopback	0
TOP8b8416f4	markov_classic	0
TOP8b8416f4	markov_disable	0
TOP8b8416f4	markov_threshold	0
TOP8b8416f4	outfile_autohex	1
TOP8b8416f4	outfile_check_timer	5
TOP8b8416f4	outfile_format	3
TOP8b8416f4	potfile_disable	0
TOP8b8416f4	powertune_enable	0
TOP8b8416f4	scrypt_tmto	0
TOP8b8416f4	quiet	0
TOP8b8416f4	remove	0
TOP8b8416f4	remove_timer	60
TOP8b8416f4	restore	0
TOP8b8416f4	restore_disable	0
TOP8b8416f4	restore_timer	60
TOP8b8416f4	rp_gen	0
TOP8b8416f4	rp_gen_func_max	4
TOP8b8416f4	rp_gen_func_min	1
TOP8b8416f4	rp_gen_seed	0
TOP8b8416f4	runtime	0
TOP8b8416f4	segment_size	32
TOP8b8416f4	show	0
TOP8b8416f4	status	0
TOP8b8416f4	machine_readable	0
TOP8b8416f4	status_timer	10
TOP8b8416f4	usage	0
TOP8b8416f4	username	0
TOP8b8416f4	version	0
TOP8b8416f4	weak_hash_threshold	100
TOP8b8416f4	workload_profile	2
TOP8b8416f4	limit	0
TOP8b8416f4	skip	0
TOP8b8416f4	separator	:
TOP8b8416f4	opencl_vector_width	0
TOP8b8416f4	rule_buf_l	:
TOP8b8416f4	rule_buf_r	:
TOP8b8416f4	session	hashcat
TOP8b8416f4	veracrypt_pim	0
TOP8b8416f4	hashlist_mode	5
TOP8b8416f4	hashlist_format	0
TOP82afdc6d	START
TOP82afdc6d	attack_mode	7
TOP82afdc6d	attack_kern	1
TOP82afdc6d	benchmark	0
TOP82afdc6d	stdout_flag	0
TOP82afdc6d	bitmap_min	16
TOP82afdc6d	bitmap_max	24
TOP82afdc6d	debug_mode	0
TOP82afdc6d	force	0
TOP82afdc6d	kernel_accel	0
TOP82afdc6d	kernel_loops	0
TOP82afdc6d	nvidia_spin_damp	100
TOP82afdc6d	gpu_temp_disable	0
TOP82afdc6d	gpu_temp_abort	90
TOP82afdc6d	gpu_temp_retain	75
TOP82afdc6d	hash_mode	0
TOP82afdc6d	hex_charset	0
TOP82afdc6d	hex_salt	0
TOP82afdc6d	hex_wordlist	0
TOP82afdc6d	increment	0
TOP82afdc6d	increment_max	54
TOP82afdc6d	increment_min	1
TOP82afdc6d	keyspace	0
TOP82afdc6d	left	0
TOP82afdc6d	logfile_disable	0
TOP82afdc6d	loopback	0
TOP82afdc6d	markov_classic	0
TOP82afdc6d	markov_disable	0
TOP82afdc6d	markov_threshold	32
TOP82afdc6d	outfile_autohex	1
TOP82afdc6d	outfile_check_timer	5
TOP82afdc6d	outfile_format	3
TOP82afdc6d	potfile_disable	0
TOP82afdc6d	powertune_enable	0
TOP82afdc6d	scrypt_tmto	0
TOP82afdc6d	quiet	0
TOP82afdc6d	remove	0
TOP82afdc6d	remove_timer	60
TOP82afdc6d	restore	0
TOP82afdc6d	restore_disable	0
TOP82afdc6d	restore_timer	60
TOP82afdc6d	rp_gen	0
TOP82afdc6d	rp_gen_func_max	4
TOP82afdc6d	rp_gen_func_min	1
TOP82afdc6d	rp_gen_seed	0
TOP82afdc6d	runtime	0
TOP82afdc6d	segment_size	32
TOP82afdc6d	show	0
TOP82afdc6d	status	0
TOP82afdc6d	machine_readable	0
TOP82afdc6d	status_timer	10
TOP82afdc6d	usage	0
TOP82afdc6d	username	0
TOP82afdc6d	version	0
TOP82afdc6d	weak_hash_threshold	0
TOP82afdc6d	workload_profile	2
TOP82afdc6d	limit	0
TOP82afdc6d	skip	0
TOP82afdc6d	separator	:
TOP82afdc6d	opencl_vector_width	0
TOP82afdc6d	rule_buf_l	:
TOP82afdc6d	rule_buf_r	:
TOP82afdc6d	session	hashcat
TOP82afdc6d	veracrypt_pim	0
TOP82afdc6d	target	example0.hash
TOP82afdc6d	hashlist_mode	4
TOP82afdc6d	hashlist_format	0
TOP88bea685	START
TOP88bea685	attack_mode	0
TOP88bea685	attack_kern	0
TOP88bea685	benchmark	1
TOP88bea685	stdout_flag	0
TOP88bea685	bitmap_min	16
TOP88bea685	bitmap_max	24
TOP88bea685	debug_mode	0
TOP88bea685	force	0
TOP88bea685	kernel_accel	0
TOP88bea685	kernel_loops	0
TOP88bea685	nvidia_spin_damp	100
TOP88bea685	gpu_temp_disable	0
TOP88bea685	gpu_temp_abort	90
TOP88bea685	gpu_temp_retain	75
TOP88bea685	hash_mode	0
TOP88bea685	hex_charset	0
TOP88bea685	hex_salt	0
TOP88bea685	hex_wordlist	0
TOP88bea685	increment	0
TOP88bea685	increment_max	54
TOP88bea685	increment_min	1
TOP88bea685	keyspace	0
TOP88bea685	left	0
TOP88bea685	logfile_disable	0
TOP88bea685	loopback	0
TOP88bea685	markov_classic	0
TOP88bea685	markov_disable	0
TOP88bea685	markov_threshold	0
TOP88bea685	outfile_autohex	1
TOP88bea685	outfile_check_timer	5
TOP88bea685	outfile_format	3
TOP88bea685	potfile_disable	0
TOP88bea685	powertune_enable	0
TOP88bea685	scrypt_tmto	0
TOP88bea685	quiet	0
TOP88bea685	remove	0
TOP88bea685	remove_timer	60
TOP88bea685	restore	0
TOP88bea685	restore_disable	0
TOP88bea685	restore_timer	60
TOP88bea685	rp_gen	0
TOP88bea685	rp_gen_func_max	4
TOP88bea685	rp_gen_func_min	1
TOP88bea685	rp_gen_seed	0
TOP88bea685	runtime	0
TOP88bea685	segment_size	32
TOP88bea685	show	0
TOP88bea685	status	0
TOP88bea685	machine_readable	0
TOP88bea685	status_timer	10
TOP88bea685	usage	0
TOP88bea685	username	0
TOP88bea685	version	0
TOP88bea685	weak_hash_threshold	100
TOP88bea685	workload_profile	2
TOP88bea685	limit	0
TOP88bea685	skip	0
TOP88bea685	separator	:
TOP88bea685	opencl_vector_width	0
TOP88bea685	rule_buf_l	:
TOP88bea685	rule_buf_r	:
TOP88bea685	session	hashcat
TOP88bea685	veracrypt_pim	0
TOP88bea685	hashlist_mode	5
TOP88bea685	hashlist_format	0
TOP8cd35926	START
TOP8cd35926	attack_mode	0
TOP8cd35926	attack_kern	0
TOP8cd35926	benchmark	1
TOP8cd35926	stdout_flag	0
TOP8cd35926	bitmap_min	16
TOP8cd35926	bitmap_max	24
TOP8cd35926	debug_mode	0
TOP8cd35926	force	0
TOP8cd35926	kernel_accel	0
TOP8cd35926	kernel_loops	0
TOP8cd35926	nvidia_spin_damp	100
TOP8cd35926	gpu_temp_disable	0
TOP8cd35926	gpu_temp_abort	90
TOP8cd35926	gpu_temp_retain	75
TOP8cd35926	hash_mode	0
TOP8cd35926	hex_charset	0
TOP8cd35926	hex_salt	0
TOP8cd35926	hex_wordlist	0
TOP8cd35926	increment	0
TOP8cd35926	increment_max	54
TOP8cd35926	increment_min	1
TOP8cd35926	keyspace	0
TOP8cd35926	left	0
TOP8cd35926	logfile_disable	0
TOP8cd35926	loopback	0
TOP8cd35926	markov_classic	0
TOP8cd35926	markov_disable	0
TOP8cd35926	markov_threshold	0
TOP8cd35926	outfile_autohex	1
TOP8cd35926	outfile_check_timer	5
TOP8cd35926	outfile_format	3
TOP8cd35926	potfile_disable	0
TOP8cd35926	powertune_enable	0
TOP8cd35926	scrypt_tmto	0
TOP8cd35926	quiet	0
TOP8cd35926	remove	0
TOP8cd35926	remove_timer	60
TOP8cd35926	restore	0
TOP8cd35926	restore_disable	0
TOP8cd35926	restore_timer	60
TOP8cd35926	rp_gen	0
TOP8cd35926	rp_gen_func_max	4
TOP8cd35926	rp_gen_func_min	1
TOP8cd35926	rp_gen_seed	0
TOP8cd35926	runtime	0
TOP8cd35926	segment_size	32
TOP8cd35926	show	0
TOP8cd35926	status	0
TOP8cd35926	machine_readable	0
TOP8cd35926	status_timer	10
TOP8cd35926	usage	0
TOP8cd35926	username	0
TOP8cd35926	version	0
TOP8cd35926	weak_hash_threshold	100
TOP8cd35926	workload_profile	2
TOP8cd35926	limit	0
TOP8cd35926	skip	0
TOP8cd35926	separator	:
TOP8cd35926	opencl_devices	1
TOP8cd35926	opencl_vector_width	0
TOP8cd35926	rule_buf_l	:
TOP8cd35926	rule_buf_r	:
TOP8cd35926	session	hashcat
TOP8cd35926	veracrypt_pim	0
TOP8cd35926	hashlist_mode	5
TOP8cd35926	hashlist_format	0
TOP8d9b952a	START
TOP8d9b952a	attack_mode	0
TOP8d9b952a	attack_kern	0
TOP8d9b952a	benchmark	1
TOP8d9b952a	stdout_flag	0
TOP8d9b952a	bitmap_min	16
TOP8d9b952a	bitmap_max	24
TOP8d9b952a	debug_mode	0
TOP8d9b952a	force	0
TOP8d9b952a	kernel_accel	0
TOP8d9b952a	kernel_loops	0
TOP8d9b952a	nvidia_spin_damp	100
TOP8d9b952a	gpu_temp_disable	0
TOP8d9b952a	gpu_temp_abort	90
TOP8d9b952a	gpu_temp_retain	75
TOP8d9b952a	hash_mode	0
TOP8d9b952a	hex_charset	0
TOP8d9b952a	hex_salt	0
TOP8d9b952a	hex_wordlist	0
TOP8d9b952a	increment	0
TOP8d9b952a	increment_max	54
TOP8d9b952a	increment_min	1
TOP8d9b952a	keyspace	0
TOP8d9b952a	left	0
TOP8d9b952a	logfile_disable	0
TOP8d9b952a	loopback	0
TOP8d9b952a	markov_classic	0
TOP8d9b952a	markov_disable	0
TOP8d9b952a	markov_threshold	0
TOP8d9b952a	outfile_autohex	1
TOP8d9b952a	outfile_check_timer	5
TOP8d9b952a	outfile_format	3
TOP8d9b952a	potfile_disable	0
TOP8d9b952a	powertune_enable	0
TOP8d9b952a	scrypt_tmto	0
TOP8d9b952a	quiet	0
TOP8d9b952a	remove	0
TOP8d9b952a	remove_timer	60
TOP8d9b952a	restore	0
TOP8d9b952a	restore_disable	0
TOP8d9b952a	restore_timer	60
TOP8d9b952a	rp_gen	0
TOP8d9b952a	rp_gen_func_max	4
TOP8d9b952a	rp_gen_func_min	1
TOP8d9b952a	rp_gen_seed	0
TOP8d9b952a	runtime	0
TOP8d9b952a	segment_size	32
TOP8d9b952a	show	0
TOP8d9b952a	status	0
TOP8d9b952a	machine_readable	0
TOP8d9b952a	status_timer	10
TOP8d9b952a	usage	0
TOP8d9b952a	username	0
TOP8d9b952a	version	0
TOP8d9b952a	weak_hash_threshold	100
TOP8d9b952a	workload_profile	2
TOP8d9b952a	limit	0
TOP8d9b952a	skip	0
TOP8d9b952a	separator	:
TOP8d9b952a	opencl_devices	2
TOP8d9b952a	opencl_vector_width	0
TOP8d9b952a	rule_buf_l	:
TOP8d9b952a	rule_buf_r	:
TOP8d9b952a	session	hashcat
TOP8d9b952a	veracrypt_pim	0
TOP8d9b952a	hashlist_mode	5
TOP8d9b952a	hashlist_format	0
TOP823d9cf4	START
TOP823d9cf4	attack_mode	0
TOP823d9cf4	attack_kern	0
TOP823d9cf4	benchmark	1
TOP823d9cf4	stdout_flag	0
TOP823d9cf4	bitmap_min	16
TOP823d9cf4	bitmap_max	24
TOP823d9cf4	debug_mode	0
TOP823d9cf4	force	1
TOP823d9cf4	kernel_accel	0
TOP823d9cf4	kernel_loops	0
TOP823d9cf4	nvidia_spin_damp	100
TOP823d9cf4	gpu_temp_disable	0
TOP823d9cf4	gpu_temp_abort	90
TOP823d9cf4	gpu_temp_retain	75
TOP823d9cf4	hash_mode	0
TOP823d9cf4	hex_charset	0
TOP823d9cf4	hex_salt	0
TOP823d9cf4	hex_wordlist	0
TOP823d9cf4	increment	0
TOP823d9cf4	increment_max	54
TOP823d9cf4	increment_min	1
TOP823d9cf4	keyspace	0
TOP823d9cf4	left	0
TOP823d9cf4	logfile_disable	0
TOP823d9cf4	loopback	0
TOP823d9cf4	markov_classic	0
TOP823d9cf4	markov_disable	0
TOP823d9cf4	markov_threshold	0
TOP823d9cf4	outfile_autohex	1
TOP823d9cf4	outfile_check_timer	5
TOP823d9cf4	outfile_format	3
TOP823d9cf4	potfile_disable	0
TOP823d9cf4	powertune_enable	0
TOP823d9cf4	scrypt_tmto	0
TOP823d9cf4	quiet	0
TOP823d9cf4	remove	0
TOP823d9cf4	remove_timer	60
TOP823d9cf4	restore	0
TOP823d9cf4	restore_disable	0
TOP823d9cf4	restore_timer	60
TOP823d9cf4	rp_gen	0
TOP823d9cf4	rp_gen_func_max	4
TOP823d9cf4	rp_gen_func_min	1
TOP823d9cf4	rp_gen_seed	0
TOP823d9cf4	runtime	0
TOP823d9cf4	segment_size	32
TOP823d9cf4	show	0
TOP823d9cf4	status	0
TOP823d9cf4	machine_readable	0
TOP823d9cf4	status_timer	10
TOP823d9cf4	usage	0
TOP823d9cf4	username	0
TOP823d9cf4	version	0
TOP823d9cf4	weak_hash_threshold	100
TOP823d9cf4	workload_profile	2
TOP823d9cf4	limit	0
TOP823d9cf4	skip	0
TOP823d9cf4	separator	:
TOP823d9cf4	opencl_vector_width	0
TOP823d9cf4	rule_buf_l	:
TOP823d9cf4	rule_buf_r	:
TOP823d9cf4	session	hashcat
TOP823d9cf4	veracrypt_pim	0
TOP823d9cf4	hashlist_mode	5
TOP823d9cf4	hashlist_format	0
TOPa3526b13	START
TOPa3526b13	attack_mode	0
TOPa3526b13	attack_kern	0
TOPa3526b13	benchmark	1
TOPa3526b13	stdout_flag	0
TOPa3526b13	bitmap_min	16
TOPa3526b13	bitmap_max	24
TOPa3526b13	debug_mode	0
TOPa3526b13	force	1
TOPa3526b13	kernel_accel	0
TOPa3526b13	kernel_loops	0
TOPa3526b13	nvidia_spin_damp	100
TOPa3526b13	gpu_temp_disable	0
TOPa3526b13	gpu_temp_abort	90
TOPa3526b13	gpu_temp_retain	75
TOPa3526b13	hash_mode	0
TOPa3526b13	hex_charset	0
TOPa3526b13	hex_salt	0
TOPa3526b13	hex_wordlist	0
TOPa3526b13	increment	0
TOPa3526b13	increment_max	54
TOPa3526b13	increment_min	1
TOPa3526b13	keyspace	0
TOPa3526b13	left	0
TOPa3526b13	logfile_disable	0
TOPa3526b13	loopback	0
TOPa3526b13	markov_classic	0
TOPa3526b13	markov_disable	0
TOPa3526b13	markov_threshold	0
TOPa3526b13	outfile_autohex	1
TOPa3526b13	outfile_check_timer	5
TOPa3526b13	outfile_format	3
TOPa3526b13	potfile_disable	0
TOPa3526b13	powertune_enable	0
TOPa3526b13	scrypt_tmto	0
TOPa3526b13	quiet	0
TOPa3526b13	remove	0
TOPa3526b13	remove_timer	60
TOPa3526b13	restore	0
TOPa3526b13	restore_disable	0
TOPa3526b13	restore_timer	60
TOPa3526b13	rp_gen	0
TOPa3526b13	rp_gen_func_max	4
TOPa3526b13	rp_gen_func_min	1
TOPa3526b13	rp_gen_seed	0
TOPa3526b13	runtime	0
TOPa3526b13	segment_size	32
TOPa3526b13	show	0
TOPa3526b13	status	0
TOPa3526b13	machine_readable	0
TOPa3526b13	status_timer	10
TOPa3526b13	usage	0
TOPa3526b13	username	0
TOPa3526b13	version	0
TOPa3526b13	weak_hash_threshold	100
TOPa3526b13	workload_profile	2
TOPa3526b13	limit	0
TOPa3526b13	skip	0
TOPa3526b13	separator	:
TOPa3526b13	opencl_device_types	1
TOPa3526b13	opencl_vector_width	0
TOPa3526b13	rule_buf_l	:
TOPa3526b13	rule_buf_r	:
TOPa3526b13	session	hashcat
TOPa3526b13	veracrypt_pim	0
TOPa3526b13	hashlist_mode	5
TOPa3526b13	hashlist_format	0
TOP9b3ff7a9	START
TOP9b3ff7a9	attack_mode	0
TOP9b3ff7a9	attack_kern	0
TOP9b3ff7a9	benchmark	1
TOP9b3ff7a9	stdout_flag	0
TOP9b3ff7a9	bitmap_min	16
TOP9b3ff7a9	bitmap_max	24
TOP9b3ff7a9	debug_mode	0
TOP9b3ff7a9	force	1
TOP9b3ff7a9	kernel_accel	0
TOP9b3ff7a9	kernel_loops	0
TOP9b3ff7a9	nvidia_spin_damp	100
TOP9b3ff7a9	gpu_temp_disable	0
TOP9b3ff7a9	gpu_temp_abort	90
TOP9b3ff7a9	gpu_temp_retain	75
TOP9b3ff7a9	hash_mode	0
TOP9b3ff7a9	hex_charset	0
TOP9b3ff7a9	hex_salt	0
TOP9b3ff7a9	hex_wordlist	0
TOP9b3ff7a9	increment	0
TOP9b3ff7a9	increment_max	54
TOP9b3ff7a9	increment_min	1
TOP9b3ff7a9	keyspace	0
TOP9b3ff7a9	left	0
TOP9b3ff7a9	logfile_disable	0
TOP9b3ff7a9	loopback	0
TOP9b3ff7a9	markov_classic	0
TOP9b3ff7a9	markov_disable	0
TOP9b3ff7a9	markov_threshold	0
TOP9b3ff7a9	outfile_autohex	1
TOP9b3ff7a9	outfile_check_timer	5
TOP9b3ff7a9	outfile_format	3
TOP9b3ff7a9	potfile_disable	0
TOP9b3ff7a9	powertune_enable	0
TOP9b3ff7a9	scrypt_tmto	0
TOP9b3ff7a9	quiet	0
TOP9b3ff7a9	remove	0
TOP9b3ff7a9	remove_timer	60
TOP9b3ff7a9	restore	0
TOP9b3ff7a9	restore_disable	0
TOP9b3ff7a9	restore_timer	60
TOP9b3ff7a9	rp_gen	0
TOP9b3ff7a9	rp_gen_func_max	4
TOP9b3ff7a9	rp_gen_func_min	1
TOP9b3ff7a9	rp_gen_seed	0
TOP9b3ff7a9	runtime	0
TOP9b3ff7a9	segment_size	32
TOP9b3ff7a9	show	0
TOP9b3ff7a9	status	0
TOP9b3ff7a9	machine_readable	0
TOP9b3ff7a9	status_timer	10
TOP9b3ff7a9	usage	0
TOP9b3ff7a9	username	0
TOP9b3ff7a9	version	0
TOP9b3ff7a9	weak_hash_threshold	100
TOP9b3ff7a9	workload_profile	2
TOP9b3ff7a9	limit	0
TOP9b3ff7a9	skip	0
TOP9b3ff7a9	separator	:
TOP9b3ff7a9	opencl_device_types	2
TOP9b3ff7a9	opencl_vector_width	0
TOP9b3ff7a9	rule_buf_l	:
TOP9b3ff7a9	rule_buf_r	:
TOP9b3ff7a9	session	hashcat
TOP9b3ff7a9	veracrypt_pim	0
TOP9b3ff7a9	hashlist_mode	5
TOP9b3ff7a9	hashlist_format	0
TOP95b1c5dc	START
TOP95b1c5dc	attack_mode	0
TOP95b1c5dc	attack_kern	0
TOP95b1c5dc	benchmark	1
TOP95b1c5dc	stdout_flag	0
TOP95b1c5dc	bitmap_min	16
TOP95b1c5dc	bitmap_max	24
TOP95b1c5dc	debug_mode	0
TOP95b1c5dc	force	1
TOP95b1c5dc	kernel_accel	0
TOP95b1c5dc	kernel_loops	0
TOP95b1c5dc	nvidia_spin_damp	100
TOP95b1c5dc	gpu_temp_disable	0
TOP95b1c5dc	gpu_temp_abort	90
TOP95b1c5dc	gpu_temp_retain	75
TOP95b1c5dc	hash_mode	0
TOP95b1c5dc	hex_charset	0
TOP95b1c5dc	hex_salt	0
TOP95b1c5dc	hex_wordlist	0
TOP95b1c5dc	increment	0
TOP95b1c5dc	increment_max	54
TOP95b1c5dc	increment_min	1
TOP95b1c5dc	keyspace	0
TOP95b1c5dc	left	0
TOP95b1c5dc	logfile_disable	0
TOP95b1c5dc	loopback	0
TOP95b1c5dc	markov_classic	0
TOP95b1c5dc	markov_disable	0
TOP95b1c5dc	markov_threshold	0
TOP95b1c5dc	outfile_autohex	1
TOP95b1c5dc	outfile_check_timer	5
TOP95b1c5dc	outfile_format	3
TOP95b1c5dc	potfile_disable	0
TOP95b1c5dc	powertune_enable	0
TOP95b1c5dc	scrypt_tmto	0
TOP95b1c5dc	quiet	0
TOP95b1c5dc	remove	0
TOP95b1c5dc	remove_timer	60
TOP95b1c5dc	restore	0
TOP95b1c5dc	restore_disable	0
TOP95b1c5dc	restore_timer	60
TOP95b1c5dc	rp_gen	0
TOP95b1c5dc	rp_gen_func_max	4
TOP95b1c5dc	rp_gen_func_min	1
TOP95b1c5dc	rp_gen_seed	0
TOP95b1c5dc	runtime	0
TOP95b1c5dc	segment_size	32
TOP95b1c5dc	show	0
TOP95b1c5dc	status	0
TOP95b1c5dc	machine_readable	0
TOP95b1c5dc	status_timer	10
TOP95b1c5dc	usage	0
TOP95b1c5dc	username	0
TOP95b1c5dc	version	0
TOP95b1c5dc	weak_hash_threshold	100
TOP95b1c5dc	workload_profile	2
TOP95b1c5dc	limit	0
TOP95b1c5dc	skip	0
TOP95b1c5dc	separator	:
TOP95b1c5dc	opencl_platforms	2
TOP95b1c5dc	opencl_device_types	2
TOP95b1c5dc	opencl_vector_width	0
TOP95b1c5dc	rule_buf_l	:
TOP95b1c5dc	rule_buf_r	:
TOP95b1c5dc	session	hashcat
TOP95b1c5dc	veracrypt_pim	0
TOP95b1c5dc	hashlist_mode	5
TOP95b1c5dc	hashlist_format	0
TOPc3f05f39	START
TOPc3f05f39	attack_mode	0
TOPc3f05f39	attack_kern	0
TOPc3f05f39	benchmark	1
TOPc3f05f39	stdout_flag	0
TOPc3f05f39	bitmap_min	16
TOPc3f05f39	bitmap_max	24
TOPc3f05f39	debug_mode	0
TOPc3f05f39	force	1
TOPc3f05f39	kernel_accel	0
TOPc3f05f39	kernel_loops	0
TOPc3f05f39	nvidia_spin_damp	100
TOPc3f05f39	gpu_temp_disable	0
TOPc3f05f39	gpu_temp_abort	90
TOPc3f05f39	gpu_temp_retain	75
TOPc3f05f39	hash_mode	0
TOPc3f05f39	hex_charset	0
TOPc3f05f39	hex_salt	0
TOPc3f05f39	hex_wordlist	0
TOPc3f05f39	increment	0
TOPc3f05f39	increment_max	54
TOPc3f05f39	increment_min	1
TOPc3f05f39	keyspace	0
TOPc3f05f39	left	0
TOPc3f05f39	logfile_disable	0
TOPc3f05f39	loopback	0
TOPc3f05f39	markov_classic	0
TOPc3f05f39	markov_disable	0
TOPc3f05f39	markov_threshold	0
TOPc3f05f39	outfile_autohex	1
TOPc3f05f39	outfile_check_timer	5
TOPc3f05f39	outfile_format	3
TOPc3f05f39	potfile_disable	0
TOPc3f05f39	powertune_enable	0
TOPc3f05f39	scrypt_tmto	0
TOPc3f05f39	quiet	0
TOPc3f05f39	remove	0
TOPc3f05f39	remove_timer	60
TOPc3f05f39	restore	0
TOPc3f05f39	restore_disable	0
TOPc3f05f39	restore_timer	60
TOPc3f05f39	rp_gen	0
TOPc3f05f39	rp_gen_func_max	4
TOPc3f05f39	rp_gen_func_min	1
TOPc3f05f39	rp_gen_seed	0
TOPc3f05f39	runtime	0
TOPc3f05f39	segment_size	32
TOPc3f05f39	show	0
TOPc3f05f39	status	0
TOPc3f05f39	machine_readable	0
TOPc3f05f39	status_timer	10
TOPc3f05f39	usage	0
TOPc3f05f39	username	0
TOPc3f05f39	version	0
TOPc3f05f39	weak_hash_threshold	100
TOPc3f05f39	workload_profile	2
TOPc3f05f39	limit	0
TOPc3f05f39	skip	0
TOPc3f05f39	separator	:
TOPc3f05f39	opencl_platforms	1
TOPc3f05f39	opencl_device_types	2
TOPc3f05f39	opencl_vector_width	0
TOPc3f05f39	rule_buf_l	:
TOPc3f05f39	rule_buf_r	:
TOPc3f05f39	session	hashcat
TOPc3f05f39	veracrypt_pim	0
TOPc3f05f39	hashlist_mode	5
TOPc3f05f39	hashlist_format	0
TOP869b82ae	START
TOP869b82ae	attack_mode	0
TOP869b82ae	attack_kern	0
TOP869b82ae	benchmark	1
TOP869b82ae	stdout_flag	0
TOP869b82ae	bitmap_min	16
TOP869b82ae	bitmap_max	24
TOP869b82ae	debug_mode	0
TOP869b82ae	force	0
TOP869b82ae	kernel_accel	0
TOP869b82ae	kernel_loops	0
TOP869b82ae	nvidia_spin_damp	100
TOP869b82ae	gpu_temp_disable	0
TOP869b82ae	gpu_temp_abort	90
TOP869b82ae	gpu_temp_retain	75
TOP869b82ae	hash_mode	0
TOP869b82ae	hex_charset	0
TOP869b82ae	hex_salt	0
TOP869b82ae	hex_wordlist	0
TOP869b82ae	increment	0
TOP869b82ae	increment_max	54
TOP869b82ae	increment_min	1
TOP869b82ae	keyspace	0
TOP869b82ae	left	0
TOP869b82ae	logfile_disable	0
TOP869b82ae	loopback	0
TOP869b82ae	markov_classic	0
TOP869b82ae	markov_disable	0
TOP869b82ae	markov_threshold	0
TOP869b82ae	outfile_autohex	1
TOP869b82ae	outfile_check_timer	5
TOP869b82ae	outfile_format	3
TOP869b82ae	potfile_disable	0
TOP869b82ae	powertune_enable	0
TOP869b82ae	scrypt_tmto	0
TOP869b82ae	quiet	0
TOP869b82ae	remove	0
TOP869b82ae	remove_timer	60
TOP869b82ae	restore	0
TOP869b82ae	restore_disable	0
TOP869b82ae	restore_timer	60
TOP869b82ae	rp_gen	0
TOP869b82ae	rp_gen_func_max	4
TOP869b82ae	rp_gen_func_min	1
TOP869b82ae	rp_gen_seed	0
TOP869b82ae	runtime	0
TOP869b82ae	segment_size	32
TOP869b82ae	show	0
TOP869b82ae	status	0
TOP869b82ae	machine_readable	0
TOP869b82ae	status_timer	10
TOP869b82ae	usage	0
TOP869b82ae	username	0
TOP869b82ae	version	0
TOP869b82ae	weak_hash_threshold	100
TOP869b82ae	workload_profile	2
TOP869b82ae	limit	0
TOP869b82ae	skip	0
TOP869b82ae	separator	:
TOP869b82ae	opencl_platforms	1
TOP869b82ae	opencl_vector_width	0
TOP869b82ae	rule_buf_l	:
TOP869b82ae	rule_buf_r	:
TOP869b82ae	session	hashcat
TOP869b82ae	veracrypt_pim	0
TOP869b82ae	hashlist_mode	5
TOP869b82ae	hashlist_format	0
